<?xml version="1.0" encoding="UTF-8"?>
<testsuite xmlns:xsi="http://www.w3.org/2001/XMLSchema-instance" xsi:noNamespaceSchemaLocation="https://maven.apache.org/surefire/maven-surefire-plugin/xsd/surefire-test-report-3.0.xsd" version="3.0" name="SecurityServiceTest" time="1.067" tests="14" errors="0" skipped="0" failures="0">
  <properties>
    <property name="java.specification.version" value="22"/>
    <property name="sun.cpu.isalist" value="amd64"/>
    <property name="sun.jnu.encoding" value="Cp1252"/>
    <property name="java.class.path" value="C:\Users\vuduc\Downloads\udaSecurity\udaSecurity\starter\catpoint-parent\security\target\test-classes;C:\Users\vuduc\.m2\repository\com\google\guava\failureaccess\1.0.2\failureaccess-1.0.2.jar;C:\Users\vuduc\.m2\repository\com\google\guava\listenablefuture\9999.0-empty-to-avoid-conflict-with-guava\listenablefuture-9999.0-empty-to-avoid-conflict-with-guava.jar;C:\Users\vuduc\.m2\repository\com\google\code\findbugs\jsr305\3.0.2\jsr305-3.0.2.jar;C:\Users\vuduc\.m2\repository\org\checkerframework\checker-qual\3.42.0\checker-qual-3.42.0.jar;C:\Users\vuduc\.m2\repository\com\google\errorprone\error_prone_annotations\2.26.1\error_prone_annotations-2.26.1.jar;C:\Users\vuduc\.m2\repository\com\google\j2objc\j2objc-annotations\3.0.0\j2objc-annotations-3.0.0.jar;C:\Users\vuduc\.m2\repository\org\junit\jupiter\junit-jupiter-api\5.7.0\junit-jupiter-api-5.7.0.jar;C:\Users\vuduc\.m2\repository\org\apiguardian\apiguardian-api\1.1.0\apiguardian-api-1.1.0.jar;C:\Users\vuduc\.m2\repository\org\opentest4j\opentest4j\1.2.0\opentest4j-1.2.0.jar;C:\Users\vuduc\.m2\repository\org\junit\platform\junit-platform-commons\1.7.0\junit-platform-commons-1.7.0.jar;C:\Users\vuduc\.m2\repository\org\junit\jupiter\junit-jupiter-engine\5.7.0\junit-jupiter-engine-5.7.0.jar;C:\Users\vuduc\.m2\repository\org\junit\platform\junit-platform-engine\1.7.0\junit-platform-engine-1.7.0.jar;C:\Users\vuduc\.m2\repository\org\mockito\mockito-junit-jupiter\3.6.28\mockito-junit-jupiter-3.6.28.jar;C:\Users\vuduc\.m2\repository\org\mockito\mockito-core\5.11.0\mockito-core-5.11.0.jar;C:\Users\vuduc\.m2\repository\net\bytebuddy\byte-buddy\1.14.12\byte-buddy-1.14.12.jar;C:\Users\vuduc\.m2\repository\net\bytebuddy\byte-buddy-agent\1.14.12\byte-buddy-agent-1.14.12.jar;C:\Users\vuduc\.m2\repository\org\objenesis\objenesis\3.3\objenesis-3.3.jar;C:\Users\vuduc\.m2\repository\org\junit\jupiter\junit-jupiter-params\5.7.1\junit-jupiter-params-5.7.1.jar;C:\Users\vuduc\.m2\repository\software\amazon\awssdk\annotations\2.25.27\annotations-2.25.27.jar;C:\Users\vuduc\.m2\repository\software\amazon\awssdk\utils\2.25.27\utils-2.25.27.jar;C:\Users\vuduc\.m2\repository\org\reactivestreams\reactive-streams\1.0.4\reactive-streams-1.0.4.jar;C:\Users\vuduc\.m2\repository\software\amazon\awssdk\checksums-spi\2.25.27\checksums-spi-2.25.27.jar;C:\Users\vuduc\.m2\repository\software\amazon\awssdk\checksums\2.25.27\checksums-2.25.27.jar;C:\Users\vuduc\.m2\repository\software\amazon\awssdk\identity-spi\2.25.27\identity-spi-2.25.27.jar;C:\Users\vuduc\.m2\repository\software\amazon\awssdk\profiles\2.25.27\profiles-2.25.27.jar;C:\Users\vuduc\.m2\repository\software\amazon\awssdk\http-client-spi\2.25.27\http-client-spi-2.25.27.jar;C:\Users\vuduc\.m2\repository\software\amazon\awssdk\json-utils\2.25.27\json-utils-2.25.27.jar;C:\Users\vuduc\.m2\repository\software\amazon\awssdk\third-party-jackson-core\2.25.27\third-party-jackson-core-2.25.27.jar;C:\Users\vuduc\.m2\repository\software\amazon\awssdk\http-auth-aws\2.25.27\http-auth-aws-2.25.27.jar;C:\Users\vuduc\.m2\repository\software\amazon\awssdk\http-auth\2.25.27\http-auth-2.25.27.jar;C:\Users\vuduc\.m2\repository\software\amazon\awssdk\http-auth-spi\2.25.27\http-auth-spi-2.25.27.jar;C:\Users\vuduc\.m2\repository\software\amazon\eventstream\eventstream\1.0.1\eventstream-1.0.1.jar;C:\Users\vuduc\.m2\repository\software\amazon\awssdk\aws-json-protocol\2.26.14\aws-json-protocol-2.26.14.jar;C:\Users\vuduc\.m2\repository\software\amazon\awssdk\protocol-core\2.26.14\protocol-core-2.26.14.jar;C:\Users\vuduc\.m2\repository\software\amazon\awssdk\aws-core\2.26.14\aws-core-2.26.14.jar;C:\Users\vuduc\.m2\repository\software\amazon\awssdk\retries\2.26.14\retries-2.26.14.jar;C:\Users\vuduc\.m2\repository\software\amazon\awssdk\metrics-spi\2.26.14\metrics-spi-2.26.14.jar;C:\Users\vuduc\.m2\repository\software\amazon\awssdk\endpoints-spi\2.26.14\endpoints-spi-2.26.14.jar;C:\Users\vuduc\.m2\repository\software\amazon\awssdk\retries-spi\2.26.14\retries-spi-2.26.14.jar;C:\Users\vuduc\.m2\repository\software\amazon\awssdk\apache-client\2.26.14\apache-client-2.26.14.jar;C:\Users\vuduc\.m2\repository\org\apache\httpcomponents\httpclient\4.5.13\httpclient-4.5.13.jar;C:\Users\vuduc\.m2\repository\commons-logging\commons-logging\1.2\commons-logging-1.2.jar;C:\Users\vuduc\.m2\repository\org\apache\httpcomponents\httpcore\4.4.13\httpcore-4.4.13.jar;C:\Users\vuduc\.m2\repository\commons-codec\commons-codec\1.15\commons-codec-1.15.jar;C:\Users\vuduc\.m2\repository\software\amazon\awssdk\netty-nio-client\2.26.14\netty-nio-client-2.26.14.jar;C:\Users\vuduc\.m2\repository\io\netty\netty-codec-http\4.1.111.Final\netty-codec-http-4.1.111.Final.jar;C:\Users\vuduc\.m2\repository\io\netty\netty-codec-http2\4.1.111.Final\netty-codec-http2-4.1.111.Final.jar;C:\Users\vuduc\.m2\repository\io\netty\netty-codec\4.1.111.Final\netty-codec-4.1.111.Final.jar;C:\Users\vuduc\.m2\repository\io\netty\netty-transport\4.1.111.Final\netty-transport-4.1.111.Final.jar;C:\Users\vuduc\.m2\repository\io\netty\netty-common\4.1.111.Final\netty-common-4.1.111.Final.jar;C:\Users\vuduc\.m2\repository\io\netty\netty-buffer\4.1.111.Final\netty-buffer-4.1.111.Final.jar;C:\Users\vuduc\.m2\repository\io\netty\netty-handler\4.1.111.Final\netty-handler-4.1.111.Final.jar;C:\Users\vuduc\.m2\repository\io\netty\netty-transport-native-unix-common\4.1.111.Final\netty-transport-native-unix-common-4.1.111.Final.jar;C:\Users\vuduc\.m2\repository\io\netty\netty-transport-classes-epoll\4.1.111.Final\netty-transport-classes-epoll-4.1.111.Final.jar;C:\Users\vuduc\.m2\repository\io\netty\netty-resolver\4.1.111.Final\netty-resolver-4.1.111.Final.jar;"/>
    <property name="java.vm.vendor" value="Oracle Corporation"/>
    <property name="sun.arch.data.model" value="64"/>
    <property name="user.variant" value=""/>
    <property name="java.vendor.url" value="https://java.oracle.com/"/>
    <property name="user.timezone" value="Asia/Bangkok"/>
    <property name="os.name" value="Windows 11"/>
    <property name="java.vm.specification.version" value="22"/>
    <property name="sun.java.launcher" value="SUN_STANDARD"/>
    <property name="user.country" value="US"/>
    <property name="sun.boot.library.path" value="C:\Users\vuduc\.jdks\openjdk-22.0.1\bin"/>
    <property name="sun.java.command" value="org.apache.maven.surefire.booter.ForkedBooter C:\Users\vuduc\AppData\Local\Temp\surefire2663931909702853050 2024-10-26T21-23-40_154-jvmRun1 surefire-20241026212341674_1tmp surefire_0-20241026212341674_2tmp"/>
    <property name="jdk.debug" value="release"/>
    <property name="surefire.test.class.path" value="C:\Users\vuduc\Downloads\udaSecurity\udaSecurity\starter\catpoint-parent\security\target\test-classes;C:\Users\vuduc\.m2\repository\com\google\guava\failureaccess\1.0.2\failureaccess-1.0.2.jar;C:\Users\vuduc\.m2\repository\com\google\guava\listenablefuture\9999.0-empty-to-avoid-conflict-with-guava\listenablefuture-9999.0-empty-to-avoid-conflict-with-guava.jar;C:\Users\vuduc\.m2\repository\com\google\code\findbugs\jsr305\3.0.2\jsr305-3.0.2.jar;C:\Users\vuduc\.m2\repository\org\checkerframework\checker-qual\3.42.0\checker-qual-3.42.0.jar;C:\Users\vuduc\.m2\repository\com\google\errorprone\error_prone_annotations\2.26.1\error_prone_annotations-2.26.1.jar;C:\Users\vuduc\.m2\repository\com\google\j2objc\j2objc-annotations\3.0.0\j2objc-annotations-3.0.0.jar;C:\Users\vuduc\.m2\repository\org\junit\jupiter\junit-jupiter-api\5.7.0\junit-jupiter-api-5.7.0.jar;C:\Users\vuduc\.m2\repository\org\apiguardian\apiguardian-api\1.1.0\apiguardian-api-1.1.0.jar;C:\Users\vuduc\.m2\repository\org\opentest4j\opentest4j\1.2.0\opentest4j-1.2.0.jar;C:\Users\vuduc\.m2\repository\org\junit\platform\junit-platform-commons\1.7.0\junit-platform-commons-1.7.0.jar;C:\Users\vuduc\.m2\repository\org\junit\jupiter\junit-jupiter-engine\5.7.0\junit-jupiter-engine-5.7.0.jar;C:\Users\vuduc\.m2\repository\org\junit\platform\junit-platform-engine\1.7.0\junit-platform-engine-1.7.0.jar;C:\Users\vuduc\.m2\repository\org\mockito\mockito-junit-jupiter\3.6.28\mockito-junit-jupiter-3.6.28.jar;C:\Users\vuduc\.m2\repository\org\mockito\mockito-core\5.11.0\mockito-core-5.11.0.jar;C:\Users\vuduc\.m2\repository\net\bytebuddy\byte-buddy\1.14.12\byte-buddy-1.14.12.jar;C:\Users\vuduc\.m2\repository\net\bytebuddy\byte-buddy-agent\1.14.12\byte-buddy-agent-1.14.12.jar;C:\Users\vuduc\.m2\repository\org\objenesis\objenesis\3.3\objenesis-3.3.jar;C:\Users\vuduc\.m2\repository\org\junit\jupiter\junit-jupiter-params\5.7.1\junit-jupiter-params-5.7.1.jar;C:\Users\vuduc\.m2\repository\software\amazon\awssdk\annotations\2.25.27\annotations-2.25.27.jar;C:\Users\vuduc\.m2\repository\software\amazon\awssdk\utils\2.25.27\utils-2.25.27.jar;C:\Users\vuduc\.m2\repository\org\reactivestreams\reactive-streams\1.0.4\reactive-streams-1.0.4.jar;C:\Users\vuduc\.m2\repository\software\amazon\awssdk\checksums-spi\2.25.27\checksums-spi-2.25.27.jar;C:\Users\vuduc\.m2\repository\software\amazon\awssdk\checksums\2.25.27\checksums-2.25.27.jar;C:\Users\vuduc\.m2\repository\software\amazon\awssdk\identity-spi\2.25.27\identity-spi-2.25.27.jar;C:\Users\vuduc\.m2\repository\software\amazon\awssdk\profiles\2.25.27\profiles-2.25.27.jar;C:\Users\vuduc\.m2\repository\software\amazon\awssdk\http-client-spi\2.25.27\http-client-spi-2.25.27.jar;C:\Users\vuduc\.m2\repository\software\amazon\awssdk\json-utils\2.25.27\json-utils-2.25.27.jar;C:\Users\vuduc\.m2\repository\software\amazon\awssdk\third-party-jackson-core\2.25.27\third-party-jackson-core-2.25.27.jar;C:\Users\vuduc\.m2\repository\software\amazon\awssdk\http-auth-aws\2.25.27\http-auth-aws-2.25.27.jar;C:\Users\vuduc\.m2\repository\software\amazon\awssdk\http-auth\2.25.27\http-auth-2.25.27.jar;C:\Users\vuduc\.m2\repository\software\amazon\awssdk\http-auth-spi\2.25.27\http-auth-spi-2.25.27.jar;C:\Users\vuduc\.m2\repository\software\amazon\eventstream\eventstream\1.0.1\eventstream-1.0.1.jar;C:\Users\vuduc\.m2\repository\software\amazon\awssdk\aws-json-protocol\2.26.14\aws-json-protocol-2.26.14.jar;C:\Users\vuduc\.m2\repository\software\amazon\awssdk\protocol-core\2.26.14\protocol-core-2.26.14.jar;C:\Users\vuduc\.m2\repository\software\amazon\awssdk\aws-core\2.26.14\aws-core-2.26.14.jar;C:\Users\vuduc\.m2\repository\software\amazon\awssdk\retries\2.26.14\retries-2.26.14.jar;C:\Users\vuduc\.m2\repository\software\amazon\awssdk\metrics-spi\2.26.14\metrics-spi-2.26.14.jar;C:\Users\vuduc\.m2\repository\software\amazon\awssdk\endpoints-spi\2.26.14\endpoints-spi-2.26.14.jar;C:\Users\vuduc\.m2\repository\software\amazon\awssdk\retries-spi\2.26.14\retries-spi-2.26.14.jar;C:\Users\vuduc\.m2\repository\software\amazon\awssdk\apache-client\2.26.14\apache-client-2.26.14.jar;C:\Users\vuduc\.m2\repository\org\apache\httpcomponents\httpclient\4.5.13\httpclient-4.5.13.jar;C:\Users\vuduc\.m2\repository\commons-logging\commons-logging\1.2\commons-logging-1.2.jar;C:\Users\vuduc\.m2\repository\org\apache\httpcomponents\httpcore\4.4.13\httpcore-4.4.13.jar;C:\Users\vuduc\.m2\repository\commons-codec\commons-codec\1.15\commons-codec-1.15.jar;C:\Users\vuduc\.m2\repository\software\amazon\awssdk\netty-nio-client\2.26.14\netty-nio-client-2.26.14.jar;C:\Users\vuduc\.m2\repository\io\netty\netty-codec-http\4.1.111.Final\netty-codec-http-4.1.111.Final.jar;C:\Users\vuduc\.m2\repository\io\netty\netty-codec-http2\4.1.111.Final\netty-codec-http2-4.1.111.Final.jar;C:\Users\vuduc\.m2\repository\io\netty\netty-codec\4.1.111.Final\netty-codec-4.1.111.Final.jar;C:\Users\vuduc\.m2\repository\io\netty\netty-transport\4.1.111.Final\netty-transport-4.1.111.Final.jar;C:\Users\vuduc\.m2\repository\io\netty\netty-common\4.1.111.Final\netty-common-4.1.111.Final.jar;C:\Users\vuduc\.m2\repository\io\netty\netty-buffer\4.1.111.Final\netty-buffer-4.1.111.Final.jar;C:\Users\vuduc\.m2\repository\io\netty\netty-handler\4.1.111.Final\netty-handler-4.1.111.Final.jar;C:\Users\vuduc\.m2\repository\io\netty\netty-transport-native-unix-common\4.1.111.Final\netty-transport-native-unix-common-4.1.111.Final.jar;C:\Users\vuduc\.m2\repository\io\netty\netty-transport-classes-epoll\4.1.111.Final\netty-transport-classes-epoll-4.1.111.Final.jar;C:\Users\vuduc\.m2\repository\io\netty\netty-resolver\4.1.111.Final\netty-resolver-4.1.111.Final.jar;"/>
    <property name="sun.cpu.endian" value="little"/>
    <property name="user.home" value="C:\Users\vuduc"/>
    <property name="user.language" value="en"/>
    <property name="java.specification.vendor" value="Oracle Corporation"/>
    <property name="jdk.module.path" value="C:\Users\vuduc\Downloads\udaSecurity\udaSecurity\starter\catpoint-parent\security\target\classes;C:\Users\vuduc\.m2\repository\com\miglayout\miglayout\3.7.3\miglayout-3.7.3.jar;C:\Users\vuduc\.m2\repository\com\google\guava\guava\33.2.1-jre\guava-33.2.1-jre.jar;C:\Users\vuduc\.m2\repository\com\google\code\gson\gson\2.9.1\gson-2.9.1.jar;C:\Users\vuduc\Downloads\udaSecurity\udaSecurity\starter\catpoint-parent\image\target\image-1.0-SNAPSHOT.jar;C:\Users\vuduc\.m2\repository\software\amazon\awssdk\auth\2.25.27\auth-2.25.27.jar;C:\Users\vuduc\.m2\repository\org\slf4j\slf4j-api\1.7.30\slf4j-api-1.7.30.jar;C:\Users\vuduc\.m2\repository\software\amazon\awssdk\sdk-core\2.25.27\sdk-core-2.25.27.jar;C:\Users\vuduc\.m2\repository\software\amazon\awssdk\regions\2.25.27\regions-2.25.27.jar;C:\Users\vuduc\.m2\repository\software\amazon\awssdk\rekognition\2.26.14\rekognition-2.26.14.jar"/>
    <property name="java.version.date" value="2024-04-16"/>
    <property name="java.home" value="C:\Users\vuduc\.jdks\openjdk-22.0.1"/>
    <property name="file.separator" value="\"/>
    <property name="basedir" value="C:\Users\vuduc\Downloads\udaSecurity\udaSecurity\starter\catpoint-parent\security"/>
    <property name="java.vm.compressedOopsMode" value="Zero based"/>
    <property name="line.separator" value="&#10;"/>
    <property name="java.vm.specification.vendor" value="Oracle Corporation"/>
    <property name="java.specification.name" value="Java Platform API Specification"/>
    <property name="surefire.real.class.path" value="C:\Users\vuduc\.m2\repository\org\apache\maven\surefire\surefire-api\3.1.2\surefire-api-3.1.2.jar;C:\Users\vuduc\.m2\repository\org\apache\maven\surefire\surefire-booter\3.1.2\surefire-booter-3.1.2.jar;C:\Users\vuduc\.m2\repository\org\apache\maven\surefire\surefire-extensions-spi\3.1.2\surefire-extensions-spi-3.1.2.jar;C:\Users\vuduc\.m2\repository\org\apache\maven\surefire\surefire-logger-api\3.1.2\surefire-logger-api-3.1.2.jar;C:\Users\vuduc\.m2\repository\org\apache\maven\surefire\surefire-shared-utils\3.1.2\surefire-shared-utils-3.1.2.jar;C:\Users\vuduc\Downloads\udaSecurity\udaSecurity\starter\catpoint-parent\security\target\test-classes;C:\Users\vuduc\.m2\repository\com\google\guava\failureaccess\1.0.2\failureaccess-1.0.2.jar;C:\Users\vuduc\.m2\repository\com\google\guava\listenablefuture\9999.0-empty-to-avoid-conflict-with-guava\listenablefuture-9999.0-empty-to-avoid-conflict-with-guava.jar;C:\Users\vuduc\.m2\repository\com\google\code\findbugs\jsr305\3.0.2\jsr305-3.0.2.jar;C:\Users\vuduc\.m2\repository\org\checkerframework\checker-qual\3.42.0\checker-qual-3.42.0.jar;C:\Users\vuduc\.m2\repository\com\google\errorprone\error_prone_annotations\2.26.1\error_prone_annotations-2.26.1.jar;C:\Users\vuduc\.m2\repository\com\google\j2objc\j2objc-annotations\3.0.0\j2objc-annotations-3.0.0.jar;C:\Users\vuduc\.m2\repository\org\junit\jupiter\junit-jupiter-api\5.7.0\junit-jupiter-api-5.7.0.jar;C:\Users\vuduc\.m2\repository\org\apiguardian\apiguardian-api\1.1.0\apiguardian-api-1.1.0.jar;C:\Users\vuduc\.m2\repository\org\opentest4j\opentest4j\1.2.0\opentest4j-1.2.0.jar;C:\Users\vuduc\.m2\repository\org\junit\platform\junit-platform-commons\1.7.0\junit-platform-commons-1.7.0.jar;C:\Users\vuduc\.m2\repository\org\junit\jupiter\junit-jupiter-engine\5.7.0\junit-jupiter-engine-5.7.0.jar;C:\Users\vuduc\.m2\repository\org\junit\platform\junit-platform-engine\1.7.0\junit-platform-engine-1.7.0.jar;C:\Users\vuduc\.m2\repository\org\mockito\mockito-junit-jupiter\3.6.28\mockito-junit-jupiter-3.6.28.jar;C:\Users\vuduc\.m2\repository\org\mockito\mockito-core\5.11.0\mockito-core-5.11.0.jar;C:\Users\vuduc\.m2\repository\net\bytebuddy\byte-buddy\1.14.12\byte-buddy-1.14.12.jar;C:\Users\vuduc\.m2\repository\net\bytebuddy\byte-buddy-agent\1.14.12\byte-buddy-agent-1.14.12.jar;C:\Users\vuduc\.m2\repository\org\objenesis\objenesis\3.3\objenesis-3.3.jar;C:\Users\vuduc\.m2\repository\org\junit\jupiter\junit-jupiter-params\5.7.1\junit-jupiter-params-5.7.1.jar;C:\Users\vuduc\.m2\repository\software\amazon\awssdk\annotations\2.25.27\annotations-2.25.27.jar;C:\Users\vuduc\.m2\repository\software\amazon\awssdk\utils\2.25.27\utils-2.25.27.jar;C:\Users\vuduc\.m2\repository\org\reactivestreams\reactive-streams\1.0.4\reactive-streams-1.0.4.jar;C:\Users\vuduc\.m2\repository\software\amazon\awssdk\checksums-spi\2.25.27\checksums-spi-2.25.27.jar;C:\Users\vuduc\.m2\repository\software\amazon\awssdk\checksums\2.25.27\checksums-2.25.27.jar;C:\Users\vuduc\.m2\repository\software\amazon\awssdk\identity-spi\2.25.27\identity-spi-2.25.27.jar;C:\Users\vuduc\.m2\repository\software\amazon\awssdk\profiles\2.25.27\profiles-2.25.27.jar;C:\Users\vuduc\.m2\repository\software\amazon\awssdk\http-client-spi\2.25.27\http-client-spi-2.25.27.jar;C:\Users\vuduc\.m2\repository\software\amazon\awssdk\json-utils\2.25.27\json-utils-2.25.27.jar;C:\Users\vuduc\.m2\repository\software\amazon\awssdk\third-party-jackson-core\2.25.27\third-party-jackson-core-2.25.27.jar;C:\Users\vuduc\.m2\repository\software\amazon\awssdk\http-auth-aws\2.25.27\http-auth-aws-2.25.27.jar;C:\Users\vuduc\.m2\repository\software\amazon\awssdk\http-auth\2.25.27\http-auth-2.25.27.jar;C:\Users\vuduc\.m2\repository\software\amazon\awssdk\http-auth-spi\2.25.27\http-auth-spi-2.25.27.jar;C:\Users\vuduc\.m2\repository\software\amazon\eventstream\eventstream\1.0.1\eventstream-1.0.1.jar;C:\Users\vuduc\.m2\repository\software\amazon\awssdk\aws-json-protocol\2.26.14\aws-json-protocol-2.26.14.jar;C:\Users\vuduc\.m2\repository\software\amazon\awssdk\protocol-core\2.26.14\protocol-core-2.26.14.jar;C:\Users\vuduc\.m2\repository\software\amazon\awssdk\aws-core\2.26.14\aws-core-2.26.14.jar;C:\Users\vuduc\.m2\repository\software\amazon\awssdk\retries\2.26.14\retries-2.26.14.jar;C:\Users\vuduc\.m2\repository\software\amazon\awssdk\metrics-spi\2.26.14\metrics-spi-2.26.14.jar;C:\Users\vuduc\.m2\repository\software\amazon\awssdk\endpoints-spi\2.26.14\endpoints-spi-2.26.14.jar;C:\Users\vuduc\.m2\repository\software\amazon\awssdk\retries-spi\2.26.14\retries-spi-2.26.14.jar;C:\Users\vuduc\.m2\repository\software\amazon\awssdk\apache-client\2.26.14\apache-client-2.26.14.jar;C:\Users\vuduc\.m2\repository\org\apache\httpcomponents\httpclient\4.5.13\httpclient-4.5.13.jar;C:\Users\vuduc\.m2\repository\commons-logging\commons-logging\1.2\commons-logging-1.2.jar;C:\Users\vuduc\.m2\repository\org\apache\httpcomponents\httpcore\4.4.13\httpcore-4.4.13.jar;C:\Users\vuduc\.m2\repository\commons-codec\commons-codec\1.15\commons-codec-1.15.jar;C:\Users\vuduc\.m2\repository\software\amazon\awssdk\netty-nio-client\2.26.14\netty-nio-client-2.26.14.jar;C:\Users\vuduc\.m2\repository\io\netty\netty-codec-http\4.1.111.Final\netty-codec-http-4.1.111.Final.jar;C:\Users\vuduc\.m2\repository\io\netty\netty-codec-http2\4.1.111.Final\netty-codec-http2-4.1.111.Final.jar;C:\Users\vuduc\.m2\repository\io\netty\netty-codec\4.1.111.Final\netty-codec-4.1.111.Final.jar;C:\Users\vuduc\.m2\repository\io\netty\netty-transport\4.1.111.Final\netty-transport-4.1.111.Final.jar;C:\Users\vuduc\.m2\repository\io\netty\netty-common\4.1.111.Final\netty-common-4.1.111.Final.jar;C:\Users\vuduc\.m2\repository\io\netty\netty-buffer\4.1.111.Final\netty-buffer-4.1.111.Final.jar;C:\Users\vuduc\.m2\repository\io\netty\netty-handler\4.1.111.Final\netty-handler-4.1.111.Final.jar;C:\Users\vuduc\.m2\repository\io\netty\netty-transport-native-unix-common\4.1.111.Final\netty-transport-native-unix-common-4.1.111.Final.jar;C:\Users\vuduc\.m2\repository\io\netty\netty-transport-classes-epoll\4.1.111.Final\netty-transport-classes-epoll-4.1.111.Final.jar;C:\Users\vuduc\.m2\repository\io\netty\netty-resolver\4.1.111.Final\netty-resolver-4.1.111.Final.jar;C:\Users\vuduc\.m2\repository\org\apache\maven\surefire\surefire-junit-platform\3.1.2\surefire-junit-platform-3.1.2.jar;C:\Users\vuduc\.m2\repository\org\apache\maven\surefire\common-java5\3.1.2\common-java5-3.1.2.jar;C:\Users\vuduc\.m2\repository\org\junit\platform\junit-platform-launcher\1.7.0\junit-platform-launcher-1.7.0.jar"/>
    <property name="user.script" value=""/>
    <property name="sun.management.compiler" value="HotSpot 64-Bit Tiered Compilers"/>
    <property name="java.runtime.version" value="22.0.1+8-16"/>
    <property name="user.name" value="vuduc"/>
    <property name="stdout.encoding" value="Cp1252"/>
    <property name="path.separator" value=";"/>
    <property name="os.version" value="10.0"/>
    <property name="java.runtime.name" value="OpenJDK Runtime Environment"/>
    <property name="file.encoding" value="UTF-8"/>
    <property name="java.vm.name" value="OpenJDK 64-Bit Server VM"/>
    <property name="localRepository" value="C:\Users\vuduc\.m2\repository"/>
    <property name="java.vendor.url.bug" value="https://bugreport.java.com/bugreport/"/>
    <property name="java.io.tmpdir" value="C:\Users\vuduc\AppData\Local\Temp\"/>
    <property name="idea.version" value="2024.1.3"/>
    <property name="java.version" value="22.0.1"/>
    <property name="user.dir" value="C:\Users\vuduc\Downloads\udaSecurity\udaSecurity\starter\catpoint-parent\security"/>
    <property name="os.arch" value="amd64"/>
    <property name="java.vm.specification.name" value="Java Virtual Machine Specification"/>
    <property name="sun.os.patch.level" value=""/>
    <property name="native.encoding" value="Cp1252"/>
    <property name="java.library.path" value="C:\Users\vuduc\.jdks\openjdk-22.0.1\bin;C:\Windows\Sun\Java\bin;C:\Windows\system32;C:\Windows;C:\Windows\system32;C:\Windows;C:\Windows\System32\Wbem;C:\Windows\System32\WindowsPowerShell\v1.0\;C:\Windows\System32\OpenSSH\;C:\Program Files\dotnet\;C:\Program Files\NVIDIA Corporation\NVIDIA NvDLISR;C:\Program Files (x86)\NVIDIA Corporation\PhysX\Common;C:\Program Files\Docker\Docker\resources\bin;F:\jdk-17.0.10\bin;C:\Program Files\Git\cmd;C:\Program Files\Cloudflare\Cloudflare WARP\;H:\apache-maven-3.8.8\bin;C:\Program Files\MySQL\MySQL Shell 8.0\bin\;C:\Users\vuduc\AppData\Local\Microsoft\WindowsApps;C:\Program Files\JetBrains\IntelliJ IDEA 2024.1.3\bin;;C:\Users\vuduc\AppData\Local\GitHubDesktop\bin;;."/>
    <property name="java.vm.info" value="mixed mode"/>
    <property name="stderr.encoding" value="Cp1252"/>
    <property name="java.vendor" value="Oracle Corporation"/>
    <property name="java.vm.version" value="22.0.1+8-16"/>
    <property name="sun.io.unicode.encoding" value="UnicodeLittle"/>
    <property name="java.class.version" value="66.0"/>
  </properties>
  <testcase name="whenSensorActivated_ThenTransitionToPendingAlarm(ArmingStatus)[1]" classname="SecurityServiceTest" time="0.881">
    <system-err><![CDATA[WARNING: A Java agent has been loaded dynamically (C:\Users\vuduc\.m2\repository\net\bytebuddy\byte-buddy-agent\1.14.12\byte-buddy-agent-1.14.12.jar)
WARNING: If a serviceability tool is in use, please run with -XX:+EnableDynamicAgentLoading to hide this warning
WARNING: If a serviceability tool is not in use, please run with -Djdk.instrument.traceUsage for more information
WARNING: Dynamic loading of agents will be disallowed by default in a future release
]]></system-err>
  </testcase>
  <testcase name="whenSensorActivated_ThenTransitionToPendingAlarm(ArmingStatus)[2]" classname="SecurityServiceTest" time="0.004"/>
  <testcase name="whenSystemArmed_ThenResetAllSensorsToInactive(String)[1]" classname="SecurityServiceTest" time="0.003"/>
  <testcase name="whenSystemArmed_ThenResetAllSensorsToInactive(String)[2]" classname="SecurityServiceTest" time="0.002"/>
  <testcase name="whenSensorActivatedInPending_ThenSetAlarmStatusToOn(ArmingStatus)[1]" classname="SecurityServiceTest" time="0.002"/>
  <testcase name="whenSensorActivatedInPending_ThenSetAlarmStatusToOn(ArmingStatus)[2]" classname="SecurityServiceTest" time="0.003"/>
  <testcase name="whenSensorActivatedAndAlarmPending_ThenChangeToAlarm" classname="SecurityServiceTest" time="0.005"/>
  <testcase name="whenSystemArmedHomeAndCatInCamera_ThenSetAlarmStatusToAlarm" classname="SecurityServiceTest" time="0.019"/>
  <testcase name="whenActivatedDuringSensorActivationChange_ThenNotChangeAlarmStatus" classname="SecurityServiceTest" time="0.002"/>
  <testcase name="whenSensorAlreadyInactive_ThenNoChangeToAlarmState" classname="SecurityServiceTest" time="0.002"/>
  <testcase name="whenNoCatInImageAndSensorsNotActive_ThenChangeStatusToNoAlarm" classname="SecurityServiceTest" time="0.002"/>
  <testcase name="whenSystemDisarmed_ThenSetStatusToNoAlarm" classname="SecurityServiceTest" time="0.002"/>
  <testcase name="whenAllSensorsInactiveInPending_ThenReturnToNoAlarm" classname="SecurityServiceTest" time="0.01"/>
  <testcase name="whenSensorsActivatedAndAlarmIsActive_ThenChangeToPending" classname="SecurityServiceTest" time="0.09"/>
</testsuite>